<?xml version="1.0" encoding="UTF-8"?>
<!-- Generated by org.testng.reporters.JUnitReportReporter -->
<testsuite hostname="SAYEM" failures="0" tests="1" name="com.framework.level1.level2.testcases.LoginTest" time="6.530" errors="0" timestamp="2023-11-15T13:01:13 EST" skipped="0">
  <testcase classname="com.framework.level1.level2.testcases.LoginTest" name="verifyingSuccessfulLoginWithValidCredentials" time="6.530"/>
</testsuite> <!-- com.framework.level1.level2.testcases.LoginTest -->
